# JRE version: Java(TM) SE Runtime Environment (21.0.11+9) (build 21.0.11+9-LTS-211)
# Java VM: Java HotSpot(TM) 64-Bit Server VM (21.0.11+9-LTS-211, mixed mode, emulated-client, sharing, tiered, compressed oops, compressed class ptrs, g1 gc, windows-amd64)
GC Precious Log:
 CardTable entry size: 512
 Card Set container configuration: InlinePtr #cards 4 size 8 Array Of Cards #cards 16 size 48 Howl #buckets 8 coarsen threshold 3686 Howl Bitmap #cards 512 size 80 coarsen threshold 460 Card regions per heap region 1 cards per card region 4096
 CPUs: 12 total, 12 available
 Memory: 15751M
 Large Page Support: Disabled
 NUMA Support: Disabled
 Compressed Oops: Enabled (Zero based)
 Heap Region Size: 2M
 Heap Min Capacity: 8M
 Heap Initial Capacity: 248M
 Heap Max Capacity: 3938M
 Pre-touch: Disabled
 Parallel Workers: 10
 Concurrent Workers: 3
 Concurrent Refinement Workers: 10
 Periodic GC: Disabled
Heap:
 garbage-first heap   total 122880K, used 56490K [0x0000000709e00000, 0x0000000800000000)
  region size 2048K, 9 young (18432K), 2 survivors (4096K)
 Metaspace       used 89019K, committed 89984K, reserved 1179648K
  class space    used 12610K, committed 13056K, reserved 1048576K
GC Heap History (20 events):
Event: 7.611 GC heap before
{Heap before GC invocations=21 (full 0):
 garbage-first heap   total 102400K, used 89024K [0x0000000709e00000, 0x0000000800000000)
  region size 2048K, 30 young (61440K), 3 survivors (6144K)
 Metaspace       used 73846K, committed 74624K, reserved 1114112K
  class space    used 10266K, committed 10624K, reserved 1048576K
}
Event: 7.616 GC heap after
{Heap after GC invocations=22 (full 0):
 garbage-first heap   total 102400K, used 36020K [0x0000000709e00000, 0x0000000800000000)
  region size 2048K, 4 young (8192K), 4 survivors (8192K)
 Metaspace       used 73846K, committed 74624K, reserved 1114112K
  class space    used 10266K, committed 10624K, reserved 1048576K
}
Event: 7.969 GC heap before
{Heap before GC invocations=22 (full 0):
 garbage-first heap   total 102400K, used 83124K [0x0000000709e00000, 0x0000000800000000)
  region size 2048K, 28 young (57344K), 4 survivors (8192K)
 Metaspace       used 77852K, committed 78592K, reserved 1179648K
  class space    used 10913K, committed 11264K, reserved 1048576K
}
Event: 7.974 GC heap after
{Heap after GC invocations=23 (full 0):
 garbage-first heap   total 102400K, used 37496K [0x0000000709e00000, 0x0000000800000000)
  region size 2048K, 3 young (6144K), 3 survivors (6144K)
 Metaspace       used 77852K, committed 78592K, reserved 1179648K
  class space    used 10913K, committed 11264K, reserved 1048576K
}
Event: 8.230 GC heap before
{Heap before GC invocations=23 (full 0):
 garbage-first heap   total 102400K, used 86648K [0x0000000709e00000, 0x0000000800000000)
  region size 2048K, 28 young (57344K), 3 survivors (6144K)
 Metaspace       used 81083K, committed 81856K, reserved 1179648K
  class space    used 11489K, committed 11840K, reserved 1048576K
}
Event: 8.235 GC heap after
{Heap after GC invocations=24 (full 0):
 garbage-first heap   total 102400K, used 39257K [0x0000000709e00000, 0x0000000800000000)
  region size 2048K, 3 young (6144K), 3 survivors (6144K)
 Metaspace       used 81083K, committed 81856K, reserved 1179648K
  class space    used 11489K, committed 11840K, reserved 1048576K
}
Event: 8.426 GC heap before
{Heap before GC invocations=25 (full 0):
 garbage-first heap   total 102400K, used 88409K [0x0000000709e00000, 0x0000000800000000)
  region size 2048K, 27 young (55296K), 3 survivors (6144K)
 Metaspace       used 81229K, committed 81984K, reserved 1179648K
  class space    used 11526K, committed 11904K, reserved 1048576K
}
Event: 8.431 GC heap after
{Heap after GC invocations=26 (full 0):
 garbage-first heap   total 102400K, used 44163K [0x0000000709e00000, 0x0000000800000000)
  region size 2048K, 4 young (8192K), 4 survivors (8192K)
 Metaspace       used 81229K, committed 81984K, reserved 1179648K
  class space    used 11526K, committed 11904K, reserved 1048576K
}
Event: 8.767 GC heap before
{Heap before GC invocations=26 (full 0):
 garbage-first heap   total 102400K, used 87171K [0x0000000709e00000, 0x0000000800000000)
  region size 2048K, 25 young (51200K), 4 survivors (8192K)
 Metaspace       used 81804K, committed 82496K, reserved 1179648K
  class space    used 11590K, committed 11904K, reserved 1048576K
}
Event: 8.770 GC heap after
{Heap after GC invocations=27 (full 0):
 garbage-first heap   total 122880K, used 42042K [0x0000000709e00000, 0x0000000800000000)
  region size 2048K, 1 young (2048K), 1 survivors (2048K)
 Metaspace       used 81804K, committed 82496K, reserved 1179648K
  class space    used 11590K, committed 11904K, reserved 1048576K
}
Event: 9.422 GC heap before
{Heap before GC invocations=27 (full 0):
 garbage-first heap   total 122880K, used 111674K [0x0000000709e00000, 0x0000000800000000)
  region size 2048K, 35 young (71680K), 1 survivors (2048K)
 Metaspace       used 85255K, committed 86080K, reserved 1179648K
  class space    used 12129K, committed 12480K, reserved 1048576K
}
Event: 9.425 GC heap after
{Heap after GC invocations=28 (full 0):
 garbage-first heap   total 122880K, used 45112K [0x0000000709e00000, 0x0000000800000000)
  region size 2048K, 3 young (6144K), 3 survivors (6144K)
 Metaspace       used 85255K, committed 86080K, reserved 1179648K
  class space    used 12129K, committed 12480K, reserved 1048576K
}
Event: 79.814 GC heap before
{Heap before GC invocations=28 (full 0):
 garbage-first heap   total 122880K, used 108600K [0x0000000709e00000, 0x0000000800000000)
  region size 2048K, 34 young (69632K), 3 survivors (6144K)
 Metaspace       used 88449K, committed 89280K, reserved 1179648K
  class space    used 12604K, committed 12992K, reserved 1048576K
}
Event: 79.819 GC heap after
{Heap after GC invocations=29 (full 0):
 garbage-first heap   total 122880K, used 47411K [0x0000000709e00000, 0x0000000800000000)
  region size 2048K, 4 young (8192K), 4 survivors (8192K)
 Metaspace       used 88449K, committed 89280K, reserved 1179648K
  class space    used 12604K, committed 12992K, reserved 1048576K
}
Event: 150.039 GC heap before
{Heap before GC invocations=29 (full 0):
 garbage-first heap   total 122880K, used 59699K [0x0000000709e00000, 0x0000000800000000)
  region size 2048K, 11 young (22528K), 4 survivors (8192K)
 Metaspace       used 88576K, committed 89536K, reserved 1179648K
  class space    used 12629K, committed 13056K, reserved 1048576K
}
Event: 150.097 GC heap after
{Heap after GC invocations=30 (full 1):
 garbage-first heap   total 122880K, used 35429K [0x0000000709e00000, 0x0000000800000000)
  region size 2048K, 0 young (0K), 0 survivors (0K)
 Metaspace       used 88338K, committed 89536K, reserved 1179648K
  class space    used 12573K, committed 13056K, reserved 1048576K
}
Event: 152.286 GC heap before
{Heap before GC invocations=30 (full 1):
 garbage-first heap   total 122880K, used 107109K [0x0000000709e00000, 0x0000000800000000)
  region size 2048K, 36 young (73728K), 0 survivors (0K)
 Metaspace       used 88741K, committed 89600K, reserved 1179648K
  class space    used 12627K, committed 13056K, reserved 1048576K
}
Event: 152.290 GC heap after
{Heap after GC invocations=31 (full 1):
 garbage-first heap   total 122880K, used 42016K [0x0000000709e00000, 0x0000000800000000)
  region size 2048K, 4 young (8192K), 4 survivors (8192K)
 Metaspace       used 88741K, committed 89600K, reserved 1179648K
  class space    used 12627K, committed 13056K, reserved 1048576K
}
Event: 152.854 GC heap before
{Heap before GC invocations=31 (full 1):
 garbage-first heap   total 122880K, used 74784K [0x0000000709e00000, 0x0000000800000000)
  region size 2048K, 21 young (43008K), 4 survivors (8192K)
 Metaspace       used 89079K, committed 89920K, reserved 1179648K
  class space    used 12657K, committed 13056K, reserved 1048576K
}
Event: 152.858 GC heap after
{Heap after GC invocations=32 (full 1):
 garbage-first heap   total 122880K, used 44202K [0x0000000709e00000, 0x0000000800000000)
  region size 2048K, 2 young (4096K), 2 survivors (4096K)
 Metaspace       used 89079K, committed 89920K, reserved 1179648K
  class space    used 12657K, committed 13056K, reserved 1048576K
}

